1717588644.336008 client started (6578): version 3.4, socket /private/tmp/tmux-502/default, protocol 8
1717588644.336056 on Darwin 23.5.0 Darwin Kernel Version 23.5.0: Wed May  1 20:12:58 PDT 2024; root:xnu-10063.121.3~5/RELEASE_ARM64_T6000
1717588644.336066 using libevent 2.1.12-stable select
1717588644.336787 using utf8proc 2.9.0
1717588644.336799 using ncurses 6.5 20240427
1717588644.336820 flags are 0x10010000
1717588644.336828 socket is /private/tmp/tmux-502/default
1717588644.336847 trying connect
1717588644.336910 add peer 0x148008000: 6 (0x0)
1717588644.338928 sending message 100 to peer 0x148008000 (4 bytes)
1717588644.338943 sending message 111 to peer 0x148008000 (8 bytes)
1717588644.338951 sending message 101 to peer 0x148008000 (14 bytes)
1717588644.338957 sending message 109 to peer 0x148008000 (4 bytes)
1717588644.338963 sending message 102 to peer 0x148008000 (13 bytes)
1717588644.338968 sending message 108 to peer 0x148008000 (31 bytes)
1717588644.338975 sending message 112 to peer 0x148008000 (70 bytes)
1717588644.338981 sending message 112 to peer 0x148008000 (5 bytes)
1717588644.338989 sending message 112 to peer 0x148008000 (5 bytes)
1717588644.339004 sending message 112 to peer 0x148008000 (6 bytes)
1717588644.339012 sending message 112 to peer 0x148008000 (6 bytes)
1717588644.339021 sending message 112 to peer 0x148008000 (11 bytes)
1717588644.339030 sending message 112 to peer 0x148008000 (10 bytes)
1717588644.339038 sending message 112 to peer 0x148008000 (13 bytes)
1717588644.339047 sending message 112 to peer 0x148008000 (13 bytes)
1717588644.339058 sending message 112 to peer 0x148008000 (18 bytes)
1717588644.339064 sending message 112 to peer 0x148008000 (11 bytes)
1717588644.339069 sending message 112 to peer 0x148008000 (10 bytes)
1717588644.339075 sending message 112 to peer 0x148008000 (15 bytes)
1717588644.339081 sending message 112 to peer 0x148008000 (21 bytes)
1717588644.339086 sending message 112 to peer 0x148008000 (13 bytes)
1717588644.339092 sending message 112 to peer 0x148008000 (7 bytes)
1717588644.339098 sending message 112 to peer 0x148008000 (13 bytes)
1717588644.339103 sending message 112 to peer 0x148008000 (7 bytes)
1717588644.339109 sending message 112 to peer 0x148008000 (13 bytes)
1717588644.339114 sending message 112 to peer 0x148008000 (9 bytes)
1717588644.339120 sending message 112 to peer 0x148008000 (21 bytes)
1717588644.339126 sending message 112 to peer 0x148008000 (13 bytes)
1717588644.339131 sending message 112 to peer 0x148008000 (8 bytes)
1717588644.339137 sending message 112 to peer 0x148008000 (12 bytes)
1717588644.339142 sending message 112 to peer 0x148008000 (13 bytes)
1717588644.339147 sending message 112 to peer 0x148008000 (9 bytes)
1717588644.339153 sending message 112 to peer 0x148008000 (9 bytes)
1717588644.339160 sending message 112 to peer 0x148008000 (12 bytes)
1717588644.339165 sending message 112 to peer 0x148008000 (8 bytes)
1717588644.339170 sending message 112 to peer 0x148008000 (8 bytes)
1717588644.339176 sending message 112 to peer 0x148008000 (7 bytes)
1717588644.339181 sending message 112 to peer 0x148008000 (7 bytes)
1717588644.339187 sending message 112 to peer 0x148008000 (9 bytes)
1717588644.339193 sending message 112 to peer 0x148008000 (13 bytes)
1717588644.339198 sending message 112 to peer 0x148008000 (6 bytes)
1717588644.339204 sending message 112 to peer 0x148008000 (9 bytes)
1717588644.339209 sending message 112 to peer 0x148008000 (15 bytes)
1717588644.339215 sending message 112 to peer 0x148008000 (13 bytes)
1717588644.339220 sending message 112 to peer 0x148008000 (12 bytes)
1717588644.339226 sending message 112 to peer 0x148008000 (8 bytes)
1717588644.339232 sending message 112 to peer 0x148008000 (14 bytes)
1717588644.339237 sending message 112 to peer 0x148008000 (11 bytes)
1717588644.339243 sending message 112 to peer 0x148008000 (9 bytes)
1717588644.339248 sending message 112 to peer 0x148008000 (10 bytes)
1717588644.339254 sending message 112 to peer 0x148008000 (10 bytes)
1717588644.339259 sending message 112 to peer 0x148008000 (10 bytes)
1717588644.339292 sending message 112 to peer 0x148008000 (10 bytes)
1717588644.339297 sending message 112 to peer 0x148008000 (11 bytes)
1717588644.339300 sending message 112 to peer 0x148008000 (12 bytes)
1717588644.339304 sending message 112 to peer 0x148008000 (12 bytes)
1717588644.339308 sending message 112 to peer 0x148008000 (12 bytes)
1717588644.339312 sending message 112 to peer 0x148008000 (12 bytes)
1717588644.339315 sending message 112 to peer 0x148008000 (12 bytes)
1717588644.339320 sending message 112 to peer 0x148008000 (11 bytes)
1717588644.339325 sending message 112 to peer 0x148008000 (11 bytes)
1717588644.339328 sending message 112 to peer 0x148008000 (12 bytes)
1717588644.339332 sending message 112 to peer 0x148008000 (12 bytes)
1717588644.339336 sending message 112 to peer 0x148008000 (12 bytes)
1717588644.339340 sending message 112 to peer 0x148008000 (12 bytes)
1717588644.339343 sending message 112 to peer 0x148008000 (12 bytes)
1717588644.339347 sending message 112 to peer 0x148008000 (10 bytes)
1717588644.339351 sending message 112 to peer 0x148008000 (12 bytes)
1717588644.339354 sending message 112 to peer 0x148008000 (13 bytes)
1717588644.339358 sending message 112 to peer 0x148008000 (13 bytes)
1717588644.339362 sending message 112 to peer 0x148008000 (13 bytes)
1717588644.339365 sending message 112 to peer 0x148008000 (13 bytes)
1717588644.339369 sending message 112 to peer 0x148008000 (13 bytes)
1717588644.339373 sending message 112 to peer 0x148008000 (8 bytes)
1717588644.339376 sending message 112 to peer 0x148008000 (11 bytes)
1717588644.339380 sending message 112 to peer 0x148008000 (11 bytes)
1717588644.339384 sending message 112 to peer 0x148008000 (11 bytes)
1717588644.339388 sending message 112 to peer 0x148008000 (12 bytes)
1717588644.339391 sending message 112 to peer 0x148008000 (12 bytes)
1717588644.339396 sending message 112 to peer 0x148008000 (12 bytes)
1717588644.339405 sending message 112 to peer 0x148008000 (12 bytes)
1717588644.339408 sending message 112 to peer 0x148008000 (13 bytes)
1717588644.339412 sending message 112 to peer 0x148008000 (13 bytes)
1717588644.339416 sending message 112 to peer 0x148008000 (13 bytes)
1717588644.339420 sending message 112 to peer 0x148008000 (8 bytes)
1717588644.339424 sending message 112 to peer 0x148008000 (13 bytes)
1717588644.339428 sending message 112 to peer 0x148008000 (13 bytes)
1717588644.339431 sending message 112 to peer 0x148008000 (13 bytes)
1717588644.339435 sending message 112 to peer 0x148008000 (13 bytes)
1717588644.339439 sending message 112 to peer 0x148008000 (13 bytes)
1717588644.339442 sending message 112 to peer 0x148008000 (12 bytes)
1717588644.339446 sending message 112 to peer 0x148008000 (12 bytes)
1717588644.339450 sending message 112 to peer 0x148008000 (12 bytes)
1717588644.339453 sending message 112 to peer 0x148008000 (12 bytes)
1717588644.339457 sending message 112 to peer 0x148008000 (13 bytes)
1717588644.339461 sending message 112 to peer 0x148008000 (8 bytes)
1717588644.339465 sending message 112 to peer 0x148008000 (13 bytes)
1717588644.339469 sending message 112 to peer 0x148008000 (13 bytes)
1717588644.339472 sending message 112 to peer 0x148008000 (13 bytes)
1717588644.339476 sending message 112 to peer 0x148008000 (13 bytes)
1717588644.339480 sending message 112 to peer 0x148008000 (13 bytes)
1717588644.339483 sending message 112 to peer 0x148008000 (13 bytes)
1717588644.339487 sending message 112 to peer 0x148008000 (13 bytes)
1717588644.339491 sending message 112 to peer 0x148008000 (12 bytes)
1717588644.339523 sending message 112 to peer 0x148008000 (12 bytes)
1717588644.339540 sending message 112 to peer 0x148008000 (12 bytes)
1717588644.339547 sending message 112 to peer 0x148008000 (8 bytes)
1717588644.339553 sending message 112 to peer 0x148008000 (12 bytes)
1717588644.339560 sending message 112 to peer 0x148008000 (13 bytes)
1717588644.339565 sending message 112 to peer 0x148008000 (13 bytes)
1717588644.339569 sending message 112 to peer 0x148008000 (13 bytes)
1717588644.339574 sending message 112 to peer 0x148008000 (13 bytes)
1717588644.339591 sending message 112 to peer 0x148008000 (13 bytes)
1717588644.339595 sending message 112 to peer 0x148008000 (13 bytes)
1717588644.339598 sending message 112 to peer 0x148008000 (13 bytes)
1717588644.339603 sending message 112 to peer 0x148008000 (13 bytes)
1717588644.339606 sending message 112 to peer 0x148008000 (12 bytes)
1717588644.339610 sending message 112 to peer 0x148008000 (10 bytes)
1717588644.339614 sending message 112 to peer 0x148008000 (12 bytes)
1717588644.339618 sending message 112 to peer 0x148008000 (12 bytes)
1717588644.339621 sending message 112 to peer 0x148008000 (12 bytes)
1717588644.339625 sending message 112 to peer 0x148008000 (13 bytes)
1717588644.339629 sending message 112 to peer 0x148008000 (13 bytes)
1717588644.339633 sending message 112 to peer 0x148008000 (13 bytes)
1717588644.339637 sending message 112 to peer 0x148008000 (13 bytes)
1717588644.339641 sending message 112 to peer 0x148008000 (13 bytes)
1717588644.339646 sending message 112 to peer 0x148008000 (13 bytes)
1717588644.339651 sending message 112 to peer 0x148008000 (13 bytes)
1717588644.339657 sending message 112 to peer 0x148008000 (10 bytes)
1717588644.339663 sending message 112 to peer 0x148008000 (13 bytes)
1717588644.339667 sending message 112 to peer 0x148008000 (12 bytes)
1717588644.339671 sending message 112 to peer 0x148008000 (12 bytes)
1717588644.339675 sending message 112 to peer 0x148008000 (12 bytes)
1717588644.339679 sending message 112 to peer 0x148008000 (10 bytes)
1717588644.339683 sending message 112 to peer 0x148008000 (10 bytes)
1717588644.339687 sending message 112 to peer 0x148008000 (10 bytes)
1717588644.339691 sending message 112 to peer 0x148008000 (12 bytes)
1717588644.339694 sending message 112 to peer 0x148008000 (13 bytes)
1717588644.339698 sending message 112 to peer 0x148008000 (13 bytes)
1717588644.339702 sending message 112 to peer 0x148008000 (13 bytes)
1717588644.339705 sending message 112 to peer 0x148008000 (13 bytes)
1717588644.339709 sending message 112 to peer 0x148008000 (13 bytes)
1717588644.339713 sending message 112 to peer 0x148008000 (11 bytes)
1717588644.339716 sending message 112 to peer 0x148008000 (11 bytes)
1717588644.339720 sending message 112 to peer 0x148008000 (12 bytes)
1717588644.339724 sending message 112 to peer 0x148008000 (12 bytes)
1717588644.339728 sending message 112 to peer 0x148008000 (12 bytes)
1717588644.339732 sending message 112 to peer 0x148008000 (12 bytes)
1717588644.339736 sending message 112 to peer 0x148008000 (12 bytes)
1717588644.339739 sending message 112 to peer 0x148008000 (11 bytes)
1717588644.339743 sending message 112 to peer 0x148008000 (12 bytes)
1717588644.339747 sending message 112 to peer 0x148008000 (12 bytes)
1717588644.339750 sending message 112 to peer 0x148008000 (13 bytes)
1717588644.339754 sending message 112 to peer 0x148008000 (13 bytes)
1717588644.339758 sending message 112 to peer 0x148008000 (13 bytes)
1717588644.339761 sending message 112 to peer 0x148008000 (13 bytes)
1717588644.339765 sending message 112 to peer 0x148008000 (13 bytes)
1717588644.339769 sending message 112 to peer 0x148008000 (10 bytes)
1717588644.339772 sending message 112 to peer 0x148008000 (9 bytes)
1717588644.339776 sending message 112 to peer 0x148008000 (12 bytes)
1717588644.339780 sending message 112 to peer 0x148008000 (13 bytes)
1717588644.339783 sending message 112 to peer 0x148008000 (13 bytes)
1717588644.339787 sending message 112 to peer 0x148008000 (13 bytes)
1717588644.339791 sending message 112 to peer 0x148008000 (13 bytes)
1717588644.339794 sending message 112 to peer 0x148008000 (13 bytes)
1717588644.339798 sending message 112 to peer 0x148008000 (9 bytes)
1717588644.339802 sending message 112 to peer 0x148008000 (12 bytes)
1717588644.339806 sending message 112 to peer 0x148008000 (13 bytes)
1717588644.339809 sending message 112 to peer 0x148008000 (13 bytes)
1717588644.339813 sending message 112 to peer 0x148008000 (13 bytes)
1717588644.339817 sending message 112 to peer 0x148008000 (13 bytes)
1717588644.339829 sending message 112 to peer 0x148008000 (13 bytes)
1717588644.339833 sending message 112 to peer 0x148008000 (11 bytes)
1717588644.339837 sending message 112 to peer 0x148008000 (12 bytes)
1717588644.339841 sending message 112 to peer 0x148008000 (13 bytes)
1717588644.339844 sending message 112 to peer 0x148008000 (13 bytes)
1717588644.339848 sending message 112 to peer 0x148008000 (13 bytes)
1717588644.339852 sending message 112 to peer 0x148008000 (13 bytes)
1717588644.339855 sending message 112 to peer 0x148008000 (13 bytes)
1717588644.339859 sending message 112 to peer 0x148008000 (11 bytes)
1717588644.339863 sending message 112 to peer 0x148008000 (12 bytes)
1717588644.339867 sending message 112 to peer 0x148008000 (12 bytes)
1717588644.339871 sending message 112 to peer 0x148008000 (12 bytes)
1717588644.339875 sending message 112 to peer 0x148008000 (12 bytes)
1717588644.339878 sending message 112 to peer 0x148008000 (12 bytes)
1717588644.339882 sending message 112 to peer 0x148008000 (21 bytes)
1717588644.339886 sending message 112 to peer 0x148008000 (12 bytes)
1717588644.339891 sending message 112 to peer 0x148008000 (9 bytes)
1717588644.339895 sending message 112 to peer 0x148008000 (6 bytes)
1717588644.339899 sending message 112 to peer 0x148008000 (13 bytes)
1717588644.339905 sending message 112 to peer 0x148008000 (8 bytes)
1717588644.339912 sending message 112 to peer 0x148008000 (15 bytes)
1717588644.339916 sending message 112 to peer 0x148008000 (13 bytes)
1717588644.339923 sending message 112 to peer 0x148008000 (9 bytes)
1717588644.339929 sending message 112 to peer 0x148008000 (70 bytes)
1717588644.339935 sending message 112 to peer 0x148008000 (69 bytes)
1717588644.339941 sending message 112 to peer 0x148008000 (10 bytes)
1717588644.339947 sending message 112 to peer 0x148008000 (10 bytes)
1717588644.339951 sending message 112 to peer 0x148008000 (8 bytes)
1717588644.339955 sending message 112 to peer 0x148008000 (15 bytes)
1717588644.339959 sending message 112 to peer 0x148008000 (13 bytes)
1717588644.339963 sending message 112 to peer 0x148008000 (10 bytes)
1717588644.339967 sending message 112 to peer 0x148008000 (10 bytes)
1717588644.339971 sending message 112 to peer 0x148008000 (17 bytes)
1717588644.339975 sending message 112 to peer 0x148008000 (10 bytes)
1717588644.339978 sending message 112 to peer 0x148008000 (13 bytes)
1717588644.339982 sending message 112 to peer 0x148008000 (9 bytes)
1717588644.339986 sending message 112 to peer 0x148008000 (5 bytes)
1717588644.339990 sending message 112 to peer 0x148008000 (15 bytes)
1717588644.339995 sending message 104 to peer 0x148008000 (0 bytes)
1717588644.340000 sending message 110 to peer 0x148008000 (0 bytes)
1717588644.340004 sending message 107 to peer 0x148008000 (4 bytes)
1717588644.340008 sending message 105 to peer 0x148008000 (38 bytes)
1717588644.340012 sending message 105 to peer 0x148008000 (20 bytes)
1717588644.340016 sending message 105 to peer 0x148008000 (22 bytes)
1717588644.340020 sending message 105 to peer 0x148008000 (62 bytes)
1717588644.340023 sending message 105 to peer 0x148008000 (28 bytes)
1717588644.340027 sending message 105 to peer 0x148008000 (37 bytes)
1717588644.340031 sending message 105 to peer 0x148008000 (30 bytes)
1717588644.340035 sending message 105 to peer 0x148008000 (34 bytes)
1717588644.340038 sending message 105 to peer 0x148008000 (60 bytes)
1717588644.340042 sending message 105 to peer 0x148008000 (72 bytes)
1717588644.340046 sending message 105 to peer 0x148008000 (16 bytes)
1717588644.340050 sending message 105 to peer 0x148008000 (60 bytes)
1717588644.340053 sending message 105 to peer 0x148008000 (19 bytes)
1717588644.340057 sending message 105 to peer 0x148008000 (17 bytes)
1717588644.340061 sending message 105 to peer 0x148008000 (8 bytes)
1717588644.340064 sending message 105 to peer 0x148008000 (24 bytes)
1717588644.340068 sending message 105 to peer 0x148008000 (32 bytes)
1717588644.340072 sending message 105 to peer 0x148008000 (96 bytes)
1717588644.340090 sending message 105 to peer 0x148008000 (94 bytes)
1717588644.340095 sending message 105 to peer 0x148008000 (30 bytes)
1717588644.340099 sending message 105 to peer 0x148008000 (11 bytes)
1717588644.340103 sending message 105 to peer 0x148008000 (696 bytes)
1717588644.340108 sending message 105 to peer 0x148008000 (35 bytes)
1717588644.340112 sending message 105 to peer 0x148008000 (15 bytes)
1717588644.340116 sending message 105 to peer 0x148008000 (8 bytes)
1717588644.340119 sending message 105 to peer 0x148008000 (29 bytes)
1717588644.340123 sending message 105 to peer 0x148008000 (28 bytes)
1717588644.340127 sending message 105 to peer 0x148008000 (80 bytes)
1717588644.340131 sending message 105 to peer 0x148008000 (25 bytes)
1717588644.340136 sending message 105 to peer 0x148008000 (66 bytes)
1717588644.340140 sending message 105 to peer 0x148008000 (19 bytes)
1717588644.340144 sending message 105 to peer 0x148008000 (67 bytes)
1717588644.340147 sending message 105 to peer 0x148008000 (18 bytes)
1717588644.340151 sending message 105 to peer 0x148008000 (25 bytes)
1717588644.340155 sending message 105 to peer 0x148008000 (57 bytes)
1717588644.340158 sending message 105 to peer 0x148008000 (42 bytes)
1717588644.340162 sending message 105 to peer 0x148008000 (13 bytes)
1717588644.340166 sending message 105 to peer 0x148008000 (21 bytes)
1717588644.340169 sending message 105 to peer 0x148008000 (15 bytes)
1717588644.340173 sending message 105 to peer 0x148008000 (14 bytes)
1717588644.340177 sending message 105 to peer 0x148008000 (19 bytes)
1717588644.340181 sending message 105 to peer 0x148008000 (38 bytes)
1717588644.340184 sending message 105 to peer 0x148008000 (42 bytes)
1717588644.340188 sending message 105 to peer 0x148008000 (38 bytes)
1717588644.340192 sending message 105 to peer 0x148008000 (25 bytes)
1717588644.340195 sending message 106 to peer 0x148008000 (0 bytes)
1717588644.340272 sending message 200 to peer 0x148008000 (4 bytes)
1717588644.340279 client loop enter
1717588644.340503 peer 0x148008000 message 303
1717588644.340514 open write file 2 -
1717588644.340531 sending message 305 to peer 0x148008000 (8 bytes)
1717588644.340547 write check file 2
1717588644.340567 peer 0x148008000 message 304
1717588644.340575 write 58 to file 2
1717588644.340583 peer 0x148008000 message 203
1717588644.340590 file 2 58 bytes left
1717588644.340606 write check file 2
1717588644.340613 client loop exit
